2025-07-04T11:13:27+00:00 INFO Automatic database update triggered.
2025-07-04T11:13:27+00:00 INFO Scheduling database updates (from 8.1.1 to 9.9.5)...
2025-07-04T11:13:30+00:00 INFO   Updates from version 8.3.0 scheduled.
2025-07-04T11:13:31+00:00 INFO   Updates from version 8.6.0 scheduled.
2025-07-04T11:13:32+00:00 INFO   Updates from version 8.7.0 scheduled.
2025-07-04T11:13:33+00:00 INFO   Updates from version 8.9.0 scheduled.
2025-07-04T11:13:33+00:00 INFO   Updates from version 8.9.1 scheduled.
2025-07-04T11:13:33+00:00 INFO   Updates from version 9.1.0 scheduled.
2025-07-04T11:13:33+00:00 INFO   Updates from version 9.2.0 scheduled.
2025-07-04T11:13:33+00:00 INFO   Updates from version 9.3.0 scheduled.
2025-07-04T11:13:33+00:00 INFO   Updates from version 9.4.0 scheduled.
2025-07-04T11:13:33+00:00 INFO   Updates from version 9.5.0 scheduled.
2025-07-04T11:13:33+00:00 INFO   Updates from version 9.6.1 scheduled.
2025-07-04T11:13:33+00:00 INFO   Updates from version 9.8.0 scheduled.
2025-07-04T11:13:33+00:00 INFO   Updates from version 9.8.5 scheduled.
2025-07-04T11:13:34+00:00 INFO   Updates from version 9.9.0 scheduled.
2025-07-04T11:13:34+00:00 INFO Database updates scheduled.
2025-07-04T11:13:36+00:00 INFO During the update to 9.1.0, WooCommerce removed 0 user meta rows associated with the meta keys "_last_order", "_order_count" or "_money_spent".
2025-07-04T11:13:44+00:00 INFO Manual database update triggered.
2025-07-04T11:13:44+00:00 INFO Scheduling database updates (from 8.1.1 to 9.9.5)...
2025-07-04T11:13:44+00:00 INFO   Updates from version 8.3.0 scheduled.
2025-07-04T11:13:44+00:00 INFO   Updates from version 8.6.0 scheduled.
2025-07-04T11:13:44+00:00 INFO   Updates from version 8.7.0 scheduled.
2025-07-04T11:13:44+00:00 INFO   Updates from version 8.9.0 scheduled.
2025-07-04T11:13:44+00:00 INFO   Updates from version 8.9.1 scheduled.
2025-07-04T11:13:44+00:00 INFO   Updates from version 9.1.0 scheduled.
2025-07-04T11:13:44+00:00 INFO   Updates from version 9.2.0 scheduled.
2025-07-04T11:13:44+00:00 INFO   Updates from version 9.3.0 scheduled.
2025-07-04T11:13:44+00:00 INFO   Updates from version 9.4.0 scheduled.
2025-07-04T11:13:44+00:00 INFO   Updates from version 9.5.0 scheduled.
2025-07-04T11:13:44+00:00 INFO   Updates from version 9.6.1 scheduled.
2025-07-04T11:13:44+00:00 INFO   Updates from version 9.8.0 scheduled.
2025-07-04T11:13:44+00:00 INFO   Updates from version 9.8.5 scheduled.
2025-07-04T11:13:44+00:00 INFO   Updates from version 9.9.0 scheduled.
2025-07-04T11:13:44+00:00 INFO Database updates scheduled.
2025-07-04T11:14:06+00:00 INFO During the update to 9.4.0, WooCommerce removed 0 user meta rows associated with the meta key "woocommerce_admin_help_panel_highlight_shown".
2025-07-04T11:14:06+00:00 INFO During the update to 9.1.0, WooCommerce removed 0 user meta rows associated with the meta keys "_last_order", "_order_count" or "_money_spent".
2025-07-04T11:14:06+00:00 INFO During the update to 9.4.0, WooCommerce removed 0 user meta rows associated with the meta key "woocommerce_admin_help_panel_highlight_shown".
